[debug] [2020-04-04T15:39:22.045Z] ----------------------------------------------------------------------
[debug] [2020-04-04T15:39:22.046Z] Command:       C:\Program Files\nodejs\node.exe C:\Users\xxeno\AppData\Roaming\npm\node_modules\firebase-tools\lib\bin\firebase.js serve --only functions
[debug] [2020-04-04T15:39:22.047Z] CLI Version:   8.0.1
[debug] [2020-04-04T15:39:22.047Z] Platform:      win32
[debug] [2020-04-04T15:39:22.047Z] Node Version:  v10.16.3
[debug] [2020-04-04T15:39:22.047Z] Time:          Sat Apr 04 2020 11:39:22 GMT-0400 (GMT-04:00)
[debug] [2020-04-04T15:39:22.047Z] ----------------------------------------------------------------------
[debug] [2020-04-04T15:39:22.047Z] 
[debug] [2020-04-04T15:39:22.054Z] > command requires scopes: ["email","openid","https://www.googleapis.com/auth/cloudplatformprojects.readonly","https://www.googleapis.com/auth/firebase","https://www.googleapis.com/auth/cloud-platform"]
[debug] [2020-04-04T15:39:22.055Z] > authorizing via signed-in user
[debug] [2020-04-04T15:39:22.055Z] [iam] checking project blogly-xuri for permissions ["firebase.projects.get"]
[debug] [2020-04-04T15:39:22.057Z] >>> HTTP REQUEST POST https://cloudresourcemanager.googleapis.com/v1/projects/blogly-xuri:testIamPermissions  
 {"permissions":["firebase.projects.get"]}
[debug] [2020-04-04T15:39:22.252Z] <<< HTTP RESPONSE 200 {"content-type":"application/json; charset=UTF-8","vary":"X-Origin, Referer, Origin,Accept-Encoding","date":"Sat, 04 Apr 2020 15:39:20 GMT","server":"ESF","cache-control":"private","x-xss-protection":"0","x-frame-options":"SAMEORIGIN","x-content-type-options":"nosniff","server-timing":"gfet4t7; dur=42","alt-svc":"quic=\":443\"; ma=2592000; v=\"46,43\",h3-Q050=\":443\"; ma=2592000,h3-Q049=\":443\"; ma=2592000,h3-Q048=\":443\"; ma=2592000,h3-Q046=\":443\"; ma=2592000,h3-Q043=\":443\"; ma=2592000,h3-T050=\":443\"; ma=2592000","accept-ranges":"none","transfer-encoding":"chunked"}
[debug] [2020-04-04T15:39:22.253Z] >>> HTTP REQUEST GET https://firebase.googleapis.com/v1beta1/projects/blogly-xuri  
 
[debug] [2020-04-04T15:39:22.519Z] <<< HTTP RESPONSE 200 {"content-type":"application/json; charset=UTF-8","vary":"X-Origin, Referer, Origin,Accept-Encoding","date":"Sat, 04 Apr 2020 15:39:20 GMT","server":"ESF","cache-control":"private","x-xss-protection":"0","x-frame-options":"SAMEORIGIN","x-content-type-options":"nosniff","alt-svc":"quic=\":443\"; ma=2592000; v=\"46,43\",h3-Q050=\":443\"; ma=2592000,h3-Q049=\":443\"; ma=2592000,h3-Q048=\":443\"; ma=2592000,h3-Q046=\":443\"; ma=2592000,h3-Q043=\":443\"; ma=2592000,h3-T050=\":443\"; ma=2592000","accept-ranges":"none","transfer-encoding":"chunked"}
[warn] !  Your requested "node" version "8" doesn't match your global version "10"
[info] +  functions: functions emulator started at http://localhost:5000
[info] i  functions: Watching "D:\Xurify\Documents\Projects\.React\blogly\functions" for Cloud Functions...
[debug] [2020-04-04T15:39:24.692Z] [worker-pool] addWorker(~diagnostic~) 
[debug] [2020-04-04T15:39:24.692Z] [worker-pool] Adding worker with key ~diagnostic~, total=1 
[debug] [2020-04-04T15:39:24.692Z] [worker-pool] submitWork(triggerId=) 
[debug] [2020-04-04T15:39:24.692Z] [worker-~diagnostic~-b04c87d5-13d1-4aad-9b57-67fc2aa4a9c4]: Assigning socketPath: \\?\pipe\D:\Xurify\Documents\Projects\.React\blogly\functions\28256 
[debug] [2020-04-04T15:39:24.693Z] [worker-~diagnostic~-b04c87d5-13d1-4aad-9b57-67fc2aa4a9c4]: BUSY 
[debug] [2020-04-04T15:39:25.043Z] [runtime-status] [28256] Functions runtime initialized. {"cwd":"D:\\Xurify\\Documents\\Projects\\.React\\blogly\\functions","node_version":"10.16.3"} 
[debug] [2020-04-04T15:39:25.044Z] [runtime-status] [28256] Disabled runtime features: undefined 
[debug] [2020-04-04T15:39:25.047Z] [runtime-status] [28256] Resolved module firebase-admin {"declared":true,"installed":true,"version":"8.10.0","resolution":"D:\\Xurify\\Documents\\Projects\\.React\\blogly\\functions\\node_modules\\firebase-admin\\lib\\index.js"} 
[debug] [2020-04-04T15:39:25.049Z] [runtime-status] [28256] Resolved module firebase-functions {"declared":true,"installed":true,"version":"3.3.0","resolution":"D:\\Xurify\\Documents\\Projects\\.React\\blogly\\functions\\node_modules\\firebase-functions\\lib\\index.js"} 
[debug] [2020-04-04T15:39:25.053Z] [runtime-status] [28256] Outgoing network have been stubbed. [{"name":"http","status":"mocked"},{"name":"http","status":"mocked"},{"name":"https","status":"mocked"},{"name":"https","status":"mocked"},{"name":"net","status":"mocked"}] 
[debug] [2020-04-04T15:39:25.100Z] [runtime-status] [28256] Checked functions.config() {"config":{}} 
[debug] [2020-04-04T15:39:25.101Z] [runtime-status] [28256] Resolved module firebase-functions {"declared":true,"installed":true,"version":"3.3.0","resolution":"D:\\Xurify\\Documents\\Projects\\.React\\blogly\\functions\\node_modules\\firebase-functions\\lib\\index.js"} 
[debug] [2020-04-04T15:39:25.102Z] [runtime-status] [28256] Resolved module firebase-admin {"declared":true,"installed":true,"version":"8.10.0","resolution":"D:\\Xurify\\Documents\\Projects\\.React\\blogly\\functions\\node_modules\\firebase-admin\\lib\\index.js"} 
[debug] [2020-04-04T15:39:25.102Z] [runtime-status] [28256] Resolved module firebase-functions {"declared":true,"installed":true,"version":"3.3.0","resolution":"D:\\Xurify\\Documents\\Projects\\.React\\blogly\\functions\\node_modules\\firebase-functions\\lib\\index.js"} 
[debug] [2020-04-04T15:39:25.102Z] [runtime-status] [28256] firebase-admin has been stubbed. {"adminResolution":{"declared":true,"installed":true,"version":"8.10.0","resolution":"D:\\Xurify\\Documents\\Projects\\.React\\blogly\\functions\\node_modules\\firebase-admin\\lib\\index.js"}} 
[debug] [2020-04-04T15:39:25.104Z] [runtime-status] [28256] initializeApp(DEFAULT) {"databaseURL":"https://blogly-xuri.firebaseio.com","storageBucket":"blogly-xuri.appspot.com","projectId":"blogly-xuri","credential":{"httpClient":{"retry":{"maxRetries":4,"statusCodes":[503],"ioErrorCodes":["ECONNRESET","ETIMEDOUT"],"backOffFactor":0.5,"maxDelayInMillis":60000}}}} 
[info] +  functions[helloWorld]: http function initialized (http://localhost:5000/blogly-xuri/us-central1/helloWorld).
[info] +  functions[getPosts]: http function initialized (http://localhost:5000/blogly-xuri/us-central1/getPosts).
[debug] [2020-04-04T15:39:25.107Z] [worker-~diagnostic~-b04c87d5-13d1-4aad-9b57-67fc2aa4a9c4]: IDLE 
[debug] [2020-04-04T15:39:51.450Z] [work-queue] {"queueLength":1,"workRunningCount":0}
[debug] [2020-04-04T15:39:51.451Z] [work-queue] {"queueLength":0,"workRunningCount":1}
[debug] [2020-04-04T15:39:51.451Z] Accepted request GET /blogly-xuri/us-central1/getPosts --> getPosts
[debug] [2020-04-04T15:39:51.556Z] [worker-pool] addWorker(getPosts) 
[debug] [2020-04-04T15:39:51.556Z] [worker-pool] Adding worker with key getPosts, total=1 
[debug] [2020-04-04T15:39:51.556Z] [worker-pool] submitWork(triggerId=getPosts) 
[debug] [2020-04-04T15:39:51.556Z] [worker-getPosts-892ffd83-c242-486a-a71b-fb26777b2a25]: Assigning socketPath: \\?\pipe\D:\Xurify\Documents\Projects\.React\blogly\functions\31784 
[debug] [2020-04-04T15:39:51.556Z] [worker-getPosts-892ffd83-c242-486a-a71b-fb26777b2a25]: BUSY 
[debug] [2020-04-04T15:39:51.909Z] [runtime-status] [31784] Functions runtime initialized. {"cwd":"D:\\Xurify\\Documents\\Projects\\.React\\blogly\\functions","node_version":"10.16.3"} 
[debug] [2020-04-04T15:39:51.911Z] [runtime-status] [31784] Disabled runtime features: undefined 
[debug] [2020-04-04T15:39:51.915Z] [runtime-status] [31784] Resolved module firebase-admin {"declared":true,"installed":true,"version":"8.10.0","resolution":"D:\\Xurify\\Documents\\Projects\\.React\\blogly\\functions\\node_modules\\firebase-admin\\lib\\index.js"} 
[debug] [2020-04-04T15:39:51.916Z] [runtime-status] [31784] Resolved module firebase-functions {"declared":true,"installed":true,"version":"3.3.0","resolution":"D:\\Xurify\\Documents\\Projects\\.React\\blogly\\functions\\node_modules\\firebase-functions\\lib\\index.js"} 
[debug] [2020-04-04T15:39:51.920Z] [runtime-status] [31784] Outgoing network have been stubbed. [{"name":"http","status":"mocked"},{"name":"http","status":"mocked"},{"name":"https","status":"mocked"},{"name":"https","status":"mocked"},{"name":"net","status":"mocked"}] 
[debug] [2020-04-04T15:39:51.966Z] [runtime-status] [31784] Checked functions.config() {"config":{}} 
[debug] [2020-04-04T15:39:51.966Z] [runtime-status] [31784] Resolved module firebase-functions {"declared":true,"installed":true,"version":"3.3.0","resolution":"D:\\Xurify\\Documents\\Projects\\.React\\blogly\\functions\\node_modules\\firebase-functions\\lib\\index.js"} 
[debug] [2020-04-04T15:39:51.967Z] [runtime-status] [31784] Resolved module firebase-admin {"declared":true,"installed":true,"version":"8.10.0","resolution":"D:\\Xurify\\Documents\\Projects\\.React\\blogly\\functions\\node_modules\\firebase-admin\\lib\\index.js"} 
[debug] [2020-04-04T15:39:51.968Z] [runtime-status] [31784] Resolved module firebase-functions {"declared":true,"installed":true,"version":"3.3.0","resolution":"D:\\Xurify\\Documents\\Projects\\.React\\blogly\\functions\\node_modules\\firebase-functions\\lib\\index.js"} 
[debug] [2020-04-04T15:39:51.968Z] [runtime-status] [31784] firebase-admin has been stubbed. {"adminResolution":{"declared":true,"installed":true,"version":"8.10.0","resolution":"D:\\Xurify\\Documents\\Projects\\.React\\blogly\\functions\\node_modules\\firebase-admin\\lib\\index.js"}} 
[debug] [2020-04-04T15:39:51.970Z] [runtime-status] [31784] initializeApp(DEFAULT) {"databaseURL":"https://blogly-xuri.firebaseio.com","storageBucket":"blogly-xuri.appspot.com","projectId":"blogly-xuri","credential":{"httpClient":{"retry":{"maxRetries":4,"statusCodes":[503],"ioErrorCodes":["ECONNRESET","ETIMEDOUT"],"backOffFactor":0.5,"maxDelayInMillis":60000}}}} 
[debug] [2020-04-04T15:39:51.971Z] [runtime-status] [31784] Trigger "getPosts" has been found, beginning invocation! 
[info] i  functions: Beginning execution of "getPosts"
[debug] [2020-04-04T15:39:51.972Z] [runtime-status] [31784] triggerDefinition {"httpsTrigger":{},"name":"getPosts","entryPoint":"getPosts"} 
[debug] [2020-04-04T15:39:51.972Z] [runtime-status] [31784] Running getPosts in mode HTTPS 
[debug] [2020-04-04T15:39:51.975Z] [runtime-status] [31784] Attempting to listen to socketPath: \\?\pipe\D:\Xurify\Documents\Projects\.React\blogly\functions\31784 
[debug] [2020-04-04T15:39:51.979Z] [functions] Runtime ready! Sending request! 
[debug] [2020-04-04T15:39:51.984Z] [runtime-status] [31784] Ephemeral server handling GET request 
[warn] !  functions: The Cloud Firestore emulator is not running, so calls to Firestore will affect production.
[debug] [2020-04-04T15:39:52.292Z] [runtime-status] [31784] Ephemeral server survived. 
[warn] !  External network resource requested!
   - URL: "http://169.254.169.254/computeMetadata/v1/instance"
 - Be careful, this may be a production service.
[warn] !  External network resource requested!
   - URL: "http://metadata.google.internal./computeMetadata/v1/instance"
 - Be careful, this may be a production service.
[info] >  Error: Could not load the default credentials. Browse to https://cloud.google.com/docs/authentication/getting-started for more information. {"user":"Error: Could not load the default credentials. Browse to https://cloud.google.com/docs/authentication/getting-started for more information."}
[info] >      at GoogleAuth.getApplicationDefaultAsync (D:\Xurify\Documents\Projects\.React\blogly\functions\node_modules\google-auth-library\build\src\auth\googleauth.js:160:19) {"user":"    at GoogleAuth.getApplicationDefaultAsync (D:\\Xurify\\Documents\\Projects\\.React\\blogly\\functions\\node_modules\\google-auth-library\\build\\src\\auth\\googleauth.js:160:19)"}
[info] >      at process._tickCallback (internal/process/next_tick.js:68:7) {"user":"    at process._tickCallback (internal/process/next_tick.js:68:7)"}
[warn] !  functions: Your function timed out after ~60s. To configure this timeout, see
      https://firebase.google.com/docs/functions/manage-functions#set_timeout_and_memory_allocation.
[info] >  C:\Users\xxeno\AppData\Roaming\npm\node_modules\firebase-tools\lib\emulator\functionsEmulatorRuntime.js:614 {"user":"C:\\Users\\xxeno\\AppData\\Roaming\\npm\\node_modules\\firebase-tools\\lib\\emulator\\functionsEmulatorRuntime.js:614\r"}
[info] >                  throw new Error("Function timed out."); {"user":"                throw new Error(\"Function timed out.\");\r"}
[info] >                  ^ {"user":"                ^\r"}
[info] >   {"user":"\r"}
[info] >  Error: Function timed out. {"user":"Error: Function timed out.\r"}
[info] >      at Timeout.setTimeout [as _onTimeout] (C:\Users\xxeno\AppData\Roaming\npm\node_modules\firebase-tools\lib\emulator\functionsEmulatorRuntime.js:614:23) {"user":"    at Timeout.setTimeout [as _onTimeout] (C:\\Users\\xxeno\\AppData\\Roaming\\npm\\node_modules\\firebase-tools\\lib\\emulator\\functionsEmulatorRuntime.js:614:23)\r"}
[info] >      at ontimeout (timers.js:436:11) {"user":"    at ontimeout (timers.js:436:11)\r"}
[info] >      at tryOnTimeout (timers.js:300:5) {"user":"    at tryOnTimeout (timers.js:300:5)\r"}
[info] >      at listOnTimeout (timers.js:263:5) {"user":"    at listOnTimeout (timers.js:263:5)\r"}
[info] >      at Timer.processTimers (timers.js:223:10) {"user":"    at Timer.processTimers (timers.js:223:10)\r"}
[debug] [2020-04-04T15:40:52.037Z] [worker-getPosts-892ffd83-c242-486a-a71b-fb26777b2a25]: exited 
[debug] [2020-04-04T15:40:52.038Z] [worker-getPosts-892ffd83-c242-486a-a71b-fb26777b2a25]: FINISHED 
[debug] [2020-04-04T15:40:52.038Z] [work-queue] {"queueLength":0,"workRunningCount":0}
[debug] [2020-04-04T16:58:03.611Z] ----------------------------------------------------------------------
[debug] [2020-04-04T16:58:03.613Z] Command:       C:\Program Files\nodejs\node.exe C:\Users\xxeno\AppData\Roaming\npm\node_modules\firebase-tools\lib\bin\firebase.js serve --only functions
[debug] [2020-04-04T16:58:03.613Z] CLI Version:   8.0.1
[debug] [2020-04-04T16:58:03.613Z] Platform:      win32
[debug] [2020-04-04T16:58:03.613Z] Node Version:  v10.16.3
[debug] [2020-04-04T16:58:03.614Z] Time:          Sat Apr 04 2020 12:58:03 GMT-0400 (GMT-04:00)
[debug] [2020-04-04T16:58:03.614Z] ----------------------------------------------------------------------
[debug] [2020-04-04T16:58:03.614Z] 
[debug] [2020-04-04T16:58:03.622Z] > command requires scopes: ["email","openid","https://www.googleapis.com/auth/cloudplatformprojects.readonly","https://www.googleapis.com/auth/firebase","https://www.googleapis.com/auth/cloud-platform"]
[debug] [2020-04-04T16:58:03.622Z] > authorizing via signed-in user
[debug] [2020-04-04T16:58:03.622Z] [iam] checking project blogly-xuri for permissions ["firebase.projects.get"]
[debug] [2020-04-04T16:58:03.625Z] > refreshing access token with scopes: ["email","https://www.googleapis.com/auth/cloud-platform","https://www.googleapis.com/auth/cloudplatformprojects.readonly","https://www.googleapis.com/auth/firebase","openid"]
[debug] [2020-04-04T16:58:03.625Z] >>> HTTP REQUEST POST https://www.googleapis.com/oauth2/v3/token  
 <request body omitted>
[debug] [2020-04-04T16:58:03.834Z] <<< HTTP RESPONSE 200 {"content-type":"application/json; charset=utf-8","vary":"X-Origin, Referer, Origin,Accept-Encoding","date":"Sat, 04 Apr 2020 16:58:02 GMT","server":"scaffolding on HTTPServer2","cache-control":"private","x-xss-protection":"0","x-frame-options":"SAMEORIGIN","x-content-type-options":"nosniff","alt-svc":"quic=\":443\"; ma=2592000; v=\"46,43\",h3-Q050=\":443\"; ma=2592000,h3-Q049=\":443\"; ma=2592000,h3-Q048=\":443\"; ma=2592000,h3-Q046=\":443\"; ma=2592000,h3-Q043=\":443\"; ma=2592000,h3-T050=\":443\"; ma=2592000","accept-ranges":"none","transfer-encoding":"chunked"}
[debug] [2020-04-04T16:58:03.840Z] >>> HTTP REQUEST POST https://cloudresourcemanager.googleapis.com/v1/projects/blogly-xuri:testIamPermissions  
 {"permissions":["firebase.projects.get"]}
[debug] [2020-04-04T16:58:04.062Z] <<< HTTP RESPONSE 200 {"content-type":"application/json; charset=UTF-8","vary":"X-Origin, Referer, Origin,Accept-Encoding","date":"Sat, 04 Apr 2020 16:58:02 GMT","server":"ESF","cache-control":"private","x-xss-protection":"0","x-frame-options":"SAMEORIGIN","x-content-type-options":"nosniff","server-timing":"gfet4t7; dur=44","alt-svc":"quic=\":443\"; ma=2592000; v=\"46,43\",h3-Q050=\":443\"; ma=2592000,h3-Q049=\":443\"; ma=2592000,h3-Q048=\":443\"; ma=2592000,h3-Q046=\":443\"; ma=2592000,h3-Q043=\":443\"; ma=2592000,h3-T050=\":443\"; ma=2592000","accept-ranges":"none","transfer-encoding":"chunked"}
[debug] [2020-04-04T16:58:04.063Z] >>> HTTP REQUEST GET https://firebase.googleapis.com/v1beta1/projects/blogly-xuri  
 
[debug] [2020-04-04T16:58:04.417Z] <<< HTTP RESPONSE 200 {"content-type":"application/json; charset=UTF-8","vary":"X-Origin, Referer, Origin,Accept-Encoding","date":"Sat, 04 Apr 2020 16:58:02 GMT","server":"ESF","cache-control":"private","x-xss-protection":"0","x-frame-options":"SAMEORIGIN","x-content-type-options":"nosniff","alt-svc":"quic=\":443\"; ma=2592000; v=\"46,43\",h3-Q050=\":443\"; ma=2592000,h3-Q049=\":443\"; ma=2592000,h3-Q048=\":443\"; ma=2592000,h3-Q046=\":443\"; ma=2592000,h3-Q043=\":443\"; ma=2592000,h3-T050=\":443\"; ma=2592000","accept-ranges":"none","transfer-encoding":"chunked"}
[warn] !  Your requested "node" version "8" doesn't match your global version "10"
[info] +  functions: functions emulator started at http://localhost:5000
[info] i  functions: Watching "D:\Xurify\Documents\Projects\.React\blogly\functions" for Cloud Functions...
[debug] [2020-04-04T16:58:06.552Z] [worker-pool] addWorker(~diagnostic~) 
[debug] [2020-04-04T16:58:06.552Z] [worker-pool] Adding worker with key ~diagnostic~, total=1 
[debug] [2020-04-04T16:58:06.552Z] [worker-pool] submitWork(triggerId=) 
[debug] [2020-04-04T16:58:06.552Z] [worker-~diagnostic~-0c8327b0-cbaf-44e1-a029-f7403a27778f]: Assigning socketPath: \\?\pipe\D:\Xurify\Documents\Projects\.React\blogly\functions\27276 
[debug] [2020-04-04T16:58:06.552Z] [worker-~diagnostic~-0c8327b0-cbaf-44e1-a029-f7403a27778f]: BUSY 
[debug] [2020-04-04T16:58:06.907Z] [runtime-status] [27276] Functions runtime initialized. {"cwd":"D:\\Xurify\\Documents\\Projects\\.React\\blogly\\functions","node_version":"10.16.3"} 
[debug] [2020-04-04T16:58:06.908Z] [runtime-status] [27276] Disabled runtime features: undefined 
[debug] [2020-04-04T16:58:06.911Z] [runtime-status] [27276] Resolved module firebase-admin {"declared":true,"installed":true,"version":"8.10.0","resolution":"D:\\Xurify\\Documents\\Projects\\.React\\blogly\\functions\\node_modules\\firebase-admin\\lib\\index.js"} 
[debug] [2020-04-04T16:58:06.913Z] [runtime-status] [27276] Resolved module firebase-functions {"declared":true,"installed":true,"version":"3.3.0","resolution":"D:\\Xurify\\Documents\\Projects\\.React\\blogly\\functions\\node_modules\\firebase-functions\\lib\\index.js"} 
[debug] [2020-04-04T16:58:06.917Z] [runtime-status] [27276] Outgoing network have been stubbed. [{"name":"http","status":"mocked"},{"name":"http","status":"mocked"},{"name":"https","status":"mocked"},{"name":"https","status":"mocked"},{"name":"net","status":"mocked"}] 
[debug] [2020-04-04T16:58:07.538Z] [runtime-status] [27276] Checked functions.config() {"config":{}} 
[debug] [2020-04-04T16:58:07.538Z] [runtime-status] [27276] Resolved module firebase-functions {"declared":true,"installed":true,"version":"3.3.0","resolution":"D:\\Xurify\\Documents\\Projects\\.React\\blogly\\functions\\node_modules\\firebase-functions\\lib\\index.js"} 
[debug] [2020-04-04T16:58:07.539Z] [runtime-status] [27276] Resolved module firebase-admin {"declared":true,"installed":true,"version":"8.10.0","resolution":"D:\\Xurify\\Documents\\Projects\\.React\\blogly\\functions\\node_modules\\firebase-admin\\lib\\index.js"} 
[debug] [2020-04-04T16:58:07.540Z] [runtime-status] [27276] Resolved module firebase-functions {"declared":true,"installed":true,"version":"3.3.0","resolution":"D:\\Xurify\\Documents\\Projects\\.React\\blogly\\functions\\node_modules\\firebase-functions\\lib\\index.js"} 
[debug] [2020-04-04T16:58:07.540Z] [runtime-status] [27276] firebase-admin has been stubbed. {"adminResolution":{"declared":true,"installed":true,"version":"8.10.0","resolution":"D:\\Xurify\\Documents\\Projects\\.React\\blogly\\functions\\node_modules\\firebase-admin\\lib\\index.js"}} 
[debug] [2020-04-04T16:58:07.543Z] [runtime-status] [27276] initializeApp(DEFAULT) {"databaseURL":"https://blogly-xuri.firebaseio.com","storageBucket":"blogly-xuri.appspot.com","projectId":"blogly-xuri","credential":{"implicit":true,"refreshToken":{"clientId":"764086051850-6qr4p6gpi6hn506pt8ejuq83di341hur.apps.googleusercontent.com","clientSecret":"d-FL95Q19q7MQmFpd7hHD0Ty","refreshToken":"1//04Oa1lbPs8hNBCgYIARAAGAQSNwF-L9IrYsL71i2Z1IXYdfZchhn2uECChXYlas5YgqagzW2ygwaVd7aKXHtRa_3xd5i9m_G9uEo","type":"authorized_user"},"httpClient":{"retry":{"maxRetries":4,"statusCodes":[503],"ioErrorCodes":["ECONNRESET","ETIMEDOUT"],"backOffFactor":0.5,"maxDelayInMillis":60000}}}} 
[info] +  functions[helloWorld]: http function initialized (http://localhost:5000/blogly-xuri/us-central1/helloWorld).
[info] +  functions[getPosts]: http function initialized (http://localhost:5000/blogly-xuri/us-central1/getPosts).
[debug] [2020-04-04T16:58:07.546Z] [worker-~diagnostic~-0c8327b0-cbaf-44e1-a029-f7403a27778f]: IDLE 
[debug] [2020-04-04T16:58:24.695Z] [work-queue] {"queueLength":1,"workRunningCount":0}
[debug] [2020-04-04T16:58:24.695Z] [work-queue] {"queueLength":0,"workRunningCount":1}
[debug] [2020-04-04T16:58:24.695Z] Accepted request GET /blogly-xuri/us-central1/getPosts --> getPosts
[debug] [2020-04-04T16:58:24.800Z] [worker-pool] addWorker(getPosts) 
[debug] [2020-04-04T16:58:24.800Z] [worker-pool] Adding worker with key getPosts, total=1 
[debug] [2020-04-04T16:58:24.800Z] [worker-pool] submitWork(triggerId=getPosts) 
[debug] [2020-04-04T16:58:24.800Z] [worker-getPosts-5be3af2c-6f55-473b-9b9c-4079998f51b5]: Assigning socketPath: \\?\pipe\D:\Xurify\Documents\Projects\.React\blogly\functions\14440 
[debug] [2020-04-04T16:58:24.800Z] [worker-getPosts-5be3af2c-6f55-473b-9b9c-4079998f51b5]: BUSY 
[debug] [2020-04-04T16:58:25.150Z] [runtime-status] [14440] Functions runtime initialized. {"cwd":"D:\\Xurify\\Documents\\Projects\\.React\\blogly\\functions","node_version":"10.16.3"} 
[debug] [2020-04-04T16:58:25.151Z] [runtime-status] [14440] Disabled runtime features: undefined 
[debug] [2020-04-04T16:58:25.154Z] [runtime-status] [14440] Resolved module firebase-admin {"declared":true,"installed":true,"version":"8.10.0","resolution":"D:\\Xurify\\Documents\\Projects\\.React\\blogly\\functions\\node_modules\\firebase-admin\\lib\\index.js"} 
[debug] [2020-04-04T16:58:25.156Z] [runtime-status] [14440] Resolved module firebase-functions {"declared":true,"installed":true,"version":"3.3.0","resolution":"D:\\Xurify\\Documents\\Projects\\.React\\blogly\\functions\\node_modules\\firebase-functions\\lib\\index.js"} 
[debug] [2020-04-04T16:58:25.160Z] [runtime-status] [14440] Outgoing network have been stubbed. [{"name":"http","status":"mocked"},{"name":"http","status":"mocked"},{"name":"https","status":"mocked"},{"name":"https","status":"mocked"},{"name":"net","status":"mocked"}] 
[debug] [2020-04-04T16:58:25.206Z] [runtime-status] [14440] Checked functions.config() {"config":{}} 
[debug] [2020-04-04T16:58:25.207Z] [runtime-status] [14440] Resolved module firebase-functions {"declared":true,"installed":true,"version":"3.3.0","resolution":"D:\\Xurify\\Documents\\Projects\\.React\\blogly\\functions\\node_modules\\firebase-functions\\lib\\index.js"} 
[debug] [2020-04-04T16:58:25.207Z] [runtime-status] [14440] Resolved module firebase-admin {"declared":true,"installed":true,"version":"8.10.0","resolution":"D:\\Xurify\\Documents\\Projects\\.React\\blogly\\functions\\node_modules\\firebase-admin\\lib\\index.js"} 
[debug] [2020-04-04T16:58:25.208Z] [runtime-status] [14440] Resolved module firebase-functions {"declared":true,"installed":true,"version":"3.3.0","resolution":"D:\\Xurify\\Documents\\Projects\\.React\\blogly\\functions\\node_modules\\firebase-functions\\lib\\index.js"} 
[debug] [2020-04-04T16:58:25.208Z] [runtime-status] [14440] firebase-admin has been stubbed. {"adminResolution":{"declared":true,"installed":true,"version":"8.10.0","resolution":"D:\\Xurify\\Documents\\Projects\\.React\\blogly\\functions\\node_modules\\firebase-admin\\lib\\index.js"}} 
[debug] [2020-04-04T16:58:25.210Z] [runtime-status] [14440] initializeApp(DEFAULT) {"databaseURL":"https://blogly-xuri.firebaseio.com","storageBucket":"blogly-xuri.appspot.com","projectId":"blogly-xuri","credential":{"implicit":true,"refreshToken":{"clientId":"764086051850-6qr4p6gpi6hn506pt8ejuq83di341hur.apps.googleusercontent.com","clientSecret":"d-FL95Q19q7MQmFpd7hHD0Ty","refreshToken":"1//04Oa1lbPs8hNBCgYIARAAGAQSNwF-L9IrYsL71i2Z1IXYdfZchhn2uECChXYlas5YgqagzW2ygwaVd7aKXHtRa_3xd5i9m_G9uEo","type":"authorized_user"},"httpClient":{"retry":{"maxRetries":4,"statusCodes":[503],"ioErrorCodes":["ECONNRESET","ETIMEDOUT"],"backOffFactor":0.5,"maxDelayInMillis":60000}}}} 
[debug] [2020-04-04T16:58:25.211Z] [runtime-status] [14440] Trigger "getPosts" has been found, beginning invocation! 
[info] i  functions: Beginning execution of "getPosts"
[debug] [2020-04-04T16:58:25.212Z] [runtime-status] [14440] triggerDefinition {"httpsTrigger":{},"name":"getPosts","entryPoint":"getPosts"} 
[debug] [2020-04-04T16:58:25.212Z] [runtime-status] [14440] Running getPosts in mode HTTPS 
[debug] [2020-04-04T16:58:25.215Z] [runtime-status] [14440] Attempting to listen to socketPath: \\?\pipe\D:\Xurify\Documents\Projects\.React\blogly\functions\14440 
[debug] [2020-04-04T16:58:25.219Z] [functions] Runtime ready! Sending request! 
[debug] [2020-04-04T16:58:25.224Z] [runtime-status] [14440] Ephemeral server handling GET request 
[warn] !  functions: The Cloud Firestore emulator is not running, so calls to Firestore will affect production.
[debug] [2020-04-04T16:58:25.557Z] [runtime-status] [14440] Ephemeral server survived. 
[warn] !  Google API requested!
   - URL: "https://oauth2.googleapis.com/token"
   - Be careful, this may be a production service.
[info] i  functions: Finished "getPosts" in ~1s
[debug] [2020-04-04T16:58:26.292Z] [worker-getPosts-5be3af2c-6f55-473b-9b9c-4079998f51b5]: IDLE 
[debug] [2020-04-04T16:58:26.292Z] [work-queue] {"queueLength":0,"workRunningCount":0}
[debug] [2020-04-04T17:08:02.321Z] [work-queue] {"queueLength":1,"workRunningCount":0}
[debug] [2020-04-04T17:08:02.322Z] [work-queue] {"queueLength":0,"workRunningCount":1}
[debug] [2020-04-04T17:08:02.322Z] Accepted request GET /blogly-xuri/us-central1/getPosts --> getPosts
[debug] [2020-04-04T17:08:02.322Z] [worker-pool] submitWork(triggerId=getPosts) 
[debug] [2020-04-04T17:08:02.322Z] [worker-getPosts-5be3af2c-6f55-473b-9b9c-4079998f51b5]: Assigning socketPath: \\?\pipe\D:\Xurify\Documents\Projects\.React\blogly\functions\14440 
[debug] [2020-04-04T17:08:02.322Z] [worker-getPosts-5be3af2c-6f55-473b-9b9c-4079998f51b5]: BUSY 
[debug] [2020-04-04T17:08:02.323Z] [runtime-status] [14440] Trigger "getPosts" has been found, beginning invocation! 
[info] i  functions: Beginning execution of "getPosts"
[debug] [2020-04-04T17:08:02.324Z] [runtime-status] [14440] triggerDefinition {"httpsTrigger":{},"name":"getPosts","entryPoint":"getPosts"} 
[debug] [2020-04-04T17:08:02.324Z] [runtime-status] [14440] Running getPosts in mode HTTPS 
[debug] [2020-04-04T17:08:02.324Z] [runtime-status] [14440] Attempting to listen to socketPath: \\?\pipe\D:\Xurify\Documents\Projects\.React\blogly\functions\14440 
[debug] [2020-04-04T17:08:02.325Z] [functions] Runtime ready! Sending request! 
[debug] [2020-04-04T17:08:02.327Z] [runtime-status] [14440] Ephemeral server handling GET request 
[debug] [2020-04-04T17:08:02.328Z] [runtime-status] [14440] Ephemeral server survived. 
[info] i  functions: Finished "getPosts" in ~1s
[debug] [2020-04-04T17:08:02.956Z] [worker-getPosts-5be3af2c-6f55-473b-9b9c-4079998f51b5]: IDLE 
[debug] [2020-04-04T17:08:02.957Z] [work-queue] {"queueLength":0,"workRunningCount":0}
